<?xml version="1.0" encoding="UTF-8"?>
<!-- Generated by org.testng.reporters.JUnitXMLReporter -->
<testsuite hostname="DESKTOP-C35QMNU" ignored="0" tests="1" failures="1" timestamp="18 Sep 2018 22:11:52 GMT" time="0.013" errors="0">
  <testcase name="verifyPageTitle" time="0.0" classname="VerifyTitle">
    <failure type="org.testng.TestNGException" message="
Parameter &amp;apos;browser&amp;apos; is required by @Test on method verifyPageTitle but has not been marked @Optional or defined
in D:\Java\TestNg\crossbrowsercheck.xml">
      <![CDATA[org.testng.TestNGException: 
Parameter 'browser' is required by @Test on method verifyPageTitle but has not been marked @Optional or defined
in D:\Java\TestNg\crossbrowsercheck.xml
... Removed 24 stack frames]]>
    </failure>
  </testcase> <!-- verifyPageTitle -->
</testsuite>
